<?xml version="1.0" encoding="UTF-8"?>
<!-- Generated by org.testng.reporters.JUnitXMLReporter -->
<testsuite hostname="shian-pc" name="Default test" tests="12" failures="0" timestamp="22 Jun 2014 22:35:20 GMT" time="0.852" errors="0">
  <testcase name="testSaveEmployee" time="0.059" classname="src.com.fruit.findings_library.test.backend.service.FindingLibraryTest"/>
  <testcase name="testSaveEmployee" time="0.003" classname="src.com.fruit.findings_library.test.backend.service.FindingLibraryTest"/>
  <testcase name="testSaveEmployee" time="0.003" classname="src.com.fruit.findings_library.test.backend.service.FindingLibraryTest"/>
  <testcase name="testSaveEmployee" time="0.002" classname="src.com.fruit.findings_library.test.backend.service.FindingLibraryTest"/>
  <testcase name="testSaveEmployee" time="0.001" classname="src.com.fruit.findings_library.test.backend.service.FindingLibraryTest"/>
  <testcase name="testSaveEmployee" time="0.001" classname="src.com.fruit.findings_library.test.backend.service.FindingLibraryTest"/>
  <testcase name="testSaveEmployee" time="0.002" classname="src.com.fruit.findings_library.test.backend.service.FindingLibraryTest"/>
  <testcase name="testSaveEmployee" time="0.003" classname="src.com.fruit.findings_library.test.backend.service.FindingLibraryTest"/>
  <testcase name="testSaveEmployee" time="0.001" classname="src.com.fruit.findings_library.test.backend.service.FindingLibraryTest"/>
  <testcase name="testSaveEmployee" time="0.002" classname="src.com.fruit.findings_library.test.backend.service.FindingLibraryTest"/>
  <testcase name="testGetEmployeeById" time="0.006" classname="src.com.fruit.findings_library.test.backend.service.FindingLibraryTest"/>
  <testcase name="testGetEmployees" time="0.004" classname="src.com.fruit.findings_library.test.backend.service.FindingLibraryTest"/>
</testsuite> <!-- Default test -->
