<?xml version="1.0" encoding="UTF-8"?>
<testng-results skipped="0" failed="0" total="12" passed="12">
  <reporter-output>
  </reporter-output>
  <suite name="Default suite" duration-ms="835" started-at="2014-06-23T03:14:06Z" finished-at="2014-06-23T03:14:07Z">
    <groups>
      <group name="getEmployees">
        <method signature="FindingLibraryTest.testGetEmployees()[pri:0, instance:com.fruit.test.backend.service.FindingLibraryTest@278eb834]" name="testGetEmployees" class="com.fruit.test.backend.service.FindingLibraryTest"/>
      </group> <!-- getEmployees -->
      <group name="getEmployeeById">
        <method signature="FindingLibraryTest.testGetEmployeeById(int)[pri:0, instance:com.fruit.test.backend.service.FindingLibraryTest@278eb834]" name="testGetEmployeeById" class="com.fruit.test.backend.service.FindingLibraryTest"/>
      </group> <!-- getEmployeeById -->
      <group name="saveEmployee">
        <method signature="FindingLibraryTest.testSaveEmployee(com.fruit.backend.Employee)[pri:0, instance:com.fruit.test.backend.service.FindingLibraryTest@278eb834]" name="testSaveEmployee" class="com.fruit.test.backend.service.FindingLibraryTest"/>
      </group> <!-- saveEmployee -->
    </groups>
    <test name="Default test" duration-ms="835" started-at="2014-06-23T03:14:06Z" finished-at="2014-06-23T03:14:07Z">
      <class name="com.fruit.test.backend.service.FindingLibraryTest">
        <test-method status="PASS" signature="springTestContextBeforeTestClass()[pri:0, instance:com.fruit.test.backend.service.FindingLibraryTest@278eb834]" name="springTestContextBeforeTestClass" is-config="true" duration-ms="5" started-at="2014-06-22T21:14:06Z" finished-at="2014-06-22T21:14:06Z">
          <reporter-output>
          </reporter-output>
        </test-method> <!-- springTestContextBeforeTestClass -->
        <test-method status="PASS" signature="springTestContextPrepareTestInstance()[pri:0, instance:com.fruit.test.backend.service.FindingLibraryTest@278eb834]" name="springTestContextPrepareTestInstance" is-config="true" duration-ms="408" started-at="2014-06-22T21:14:06Z" depends-on-methods="org.springframework.test.context.testng.AbstractTestNGSpringContextTests.springTestContextBeforeTestClass" finished-at="2014-06-22T21:14:07Z">
          <reporter-output>
          </reporter-output>
        </test-method> <!-- springTestContextPrepareTestInstance -->
        <test-method status="PASS" signature="beforeClassParent()[pri:0, instance:com.fruit.test.backend.service.FindingLibraryTest@278eb834]" name="beforeClassParent" is-config="true" duration-ms="282" started-at="2014-06-22T21:14:07Z" finished-at="2014-06-22T21:14:07Z">
          <reporter-output>
          </reporter-output>
        </test-method> <!-- beforeClassParent -->
        <test-method status="PASS" signature="springTestContextBeforeTestMethod(java.lang.reflect.Method)[pri:0, instance:com.fruit.test.backend.service.FindingLibraryTest@278eb834]" name="springTestContextBeforeTestMethod" is-config="true" duration-ms="1" started-at="2014-06-22T21:14:07Z" finished-at="2014-06-22T21:14:07Z">
          <params>
            <param index="0">
              <value>
                <![CDATA[public void com.fruit.test.backend.service.FindingLibraryTest.testSaveEmployee(com.fruit.backend.Employee) throws java.lang.Exception]]>
              </value>
            </param>
          </params>
          <reporter-output>
          </reporter-output>
        </test-method> <!-- springTestContextBeforeTestMethod -->
        <test-method status="PASS" signature="testSaveEmployee(com.fruit.backend.Employee)[pri:0, instance:com.fruit.test.backend.service.FindingLibraryTest@278eb834]" name="testSaveEmployee" duration-ms="61" started-at="2014-06-22T21:14:07Z" data-provider="saveEmployee" finished-at="2014-06-22T21:14:07Z">
          <params>
            <param index="0">
              <value>
                <![CDATA[Employee [id=0, firstName=Shian1, lastName=Huang1, email=shian.huang@fotlinc.com, createDate=Sun Jun 22 21:14:07 GMT-06:00 2014, lastUpdateDate=Sun Jun 22 21:14:07 GMT-06:00 2014, createUser=Shian, lastUpdateUser=Shian]]]>
              </value>
            </param>
          </params>
          <reporter-output>
          </reporter-output>
        </test-method> <!-- testSaveEmployee -->
        <test-method status="PASS" signature="beforeMethod(java.lang.reflect.Method)[pri:0, instance:com.fruit.test.backend.service.FindingLibraryTest@278eb834]" name="beforeMethod" is-config="true" duration-ms="0" started-at="2014-06-22T21:14:07Z" finished-at="2014-06-22T21:14:07Z">
          <params>
            <param index="0">
              <value>
                <![CDATA[public void com.fruit.test.backend.service.FindingLibraryTest.testSaveEmployee(com.fruit.backend.Employee) throws java.lang.Exception]]>
              </value>
            </param>
          </params>
          <reporter-output>
          </reporter-output>
        </test-method> <!-- beforeMethod -->
        <test-method status="PASS" signature="afterMethod(java.lang.reflect.Method)[pri:0, instance:com.fruit.test.backend.service.FindingLibraryTest@278eb834]" name="afterMethod" is-config="true" duration-ms="0" started-at="2014-06-22T21:14:07Z" finished-at="2014-06-22T21:14:07Z">
          <params>
            <param index="0">
              <value>
                <![CDATA[public void com.fruit.test.backend.service.FindingLibraryTest.testSaveEmployee(com.fruit.backend.Employee) throws java.lang.Exception]]>
              </value>
            </param>
          </params>
          <reporter-output>
          </reporter-output>
        </test-method> <!-- afterMethod -->
        <test-method status="PASS" signature="springTestContextAfterTestMethod(java.lang.reflect.Method)[pri:0, instance:com.fruit.test.backend.service.FindingLibraryTest@278eb834]" name="springTestContextAfterTestMethod" is-config="true" duration-ms="0" started-at="2014-06-22T21:14:07Z" finished-at="2014-06-22T21:14:07Z">
          <params>
            <param index="0">
              <value>
                <![CDATA[public void com.fruit.test.backend.service.FindingLibraryTest.testSaveEmployee(com.fruit.backend.Employee) throws java.lang.Exception]]>
              </value>
            </param>
          </params>
          <reporter-output>
          </reporter-output>
        </test-method> <!-- springTestContextAfterTestMethod -->
        <test-method status="PASS" signature="testSaveEmployee(com.fruit.backend.Employee)[pri:0, instance:com.fruit.test.backend.service.FindingLibraryTest@278eb834]" name="testSaveEmployee" duration-ms="2" started-at="2014-06-22T21:14:07Z" data-provider="saveEmployee" finished-at="2014-06-22T21:14:07Z">
          <params>
            <param index="0">
              <value>
                <![CDATA[Employee [id=0, firstName=Shian2, lastName=Huang2, email=shian.huang@fotlinc.com, createDate=Sun Jun 22 21:14:07 GMT-06:00 2014, lastUpdateDate=Sun Jun 22 21:14:07 GMT-06:00 2014, createUser=Shian, lastUpdateUser=Shian]]]>
              </value>
            </param>
          </params>
          <reporter-output>
          </reporter-output>
        </test-method> <!-- testSaveEmployee -->
        <test-method status="PASS" signature="beforeMethod(java.lang.reflect.Method)[pri:0, instance:com.fruit.test.backend.service.FindingLibraryTest@278eb834]" name="beforeMethod" is-config="true" duration-ms="0" started-at="2014-06-22T21:14:07Z" finished-at="2014-06-22T21:14:07Z">
          <params>
            <param index="0">
              <value>
                <![CDATA[public void com.fruit.test.backend.service.FindingLibraryTest.testSaveEmployee(com.fruit.backend.Employee) throws java.lang.Exception]]>
              </value>
            </param>
          </params>
          <reporter-output>
          </reporter-output>
        </test-method> <!-- beforeMethod -->
        <test-method status="PASS" signature="springTestContextBeforeTestMethod(java.lang.reflect.Method)[pri:0, instance:com.fruit.test.backend.service.FindingLibraryTest@278eb834]" name="springTestContextBeforeTestMethod" is-config="true" duration-ms="0" started-at="2014-06-22T21:14:07Z" finished-at="2014-06-22T21:14:07Z">
          <params>
            <param index="0">
              <value>
                <![CDATA[public void com.fruit.test.backend.service.FindingLibraryTest.testSaveEmployee(com.fruit.backend.Employee) throws java.lang.Exception]]>
              </value>
            </param>
          </params>
          <reporter-output>
          </reporter-output>
        </test-method> <!-- springTestContextBeforeTestMethod -->
        <test-method status="PASS" signature="afterMethod(java.lang.reflect.Method)[pri:0, instance:com.fruit.test.backend.service.FindingLibraryTest@278eb834]" name="afterMethod" is-config="true" duration-ms="1" started-at="2014-06-22T21:14:07Z" finished-at="2014-06-22T21:14:07Z">
          <params>
            <param index="0">
              <value>
                <![CDATA[public void com.fruit.test.backend.service.FindingLibraryTest.testSaveEmployee(com.fruit.backend.Employee) throws java.lang.Exception]]>
              </value>
            </param>
          </params>
          <reporter-output>
          </reporter-output>
        </test-method> <!-- afterMethod -->
        <test-method status="PASS" signature="springTestContextBeforeTestMethod(java.lang.reflect.Method)[pri:0, instance:com.fruit.test.backend.service.FindingLibraryTest@278eb834]" name="springTestContextBeforeTestMethod" is-config="true" duration-ms="0" started-at="2014-06-22T21:14:07Z" finished-at="2014-06-22T21:14:07Z">
          <params>
            <param index="0">
              <value>
                <![CDATA[public void com.fruit.test.backend.service.FindingLibraryTest.testSaveEmployee(com.fruit.backend.Employee) throws java.lang.Exception]]>
              </value>
            </param>
          </params>
          <reporter-output>
          </reporter-output>
        </test-method> <!-- springTestContextBeforeTestMethod -->
        <test-method status="PASS" signature="testSaveEmployee(com.fruit.backend.Employee)[pri:0, instance:com.fruit.test.backend.service.FindingLibraryTest@278eb834]" name="testSaveEmployee" duration-ms="2" started-at="2014-06-22T21:14:07Z" data-provider="saveEmployee" finished-at="2014-06-22T21:14:07Z">
          <params>
            <param index="0">
              <value>
                <![CDATA[Employee [id=0, firstName=Shian3, lastName=Huang3, email=shian.huang@fotlinc.com, createDate=Sun Jun 22 21:14:07 GMT-06:00 2014, lastUpdateDate=Sun Jun 22 21:14:07 GMT-06:00 2014, createUser=Shian, lastUpdateUser=Shian]]]>
              </value>
            </param>
          </params>
          <reporter-output>
          </reporter-output>
        </test-method> <!-- testSaveEmployee -->
        <test-method status="PASS" signature="springTestContextAfterTestMethod(java.lang.reflect.Method)[pri:0, instance:com.fruit.test.backend.service.FindingLibraryTest@278eb834]" name="springTestContextAfterTestMethod" is-config="true" duration-ms="0" started-at="2014-06-22T21:14:07Z" finished-at="2014-06-22T21:14:07Z">
          <params>
            <param index="0">
              <value>
                <![CDATA[public void com.fruit.test.backend.service.FindingLibraryTest.testSaveEmployee(com.fruit.backend.Employee) throws java.lang.Exception]]>
              </value>
            </param>
          </params>
          <reporter-output>
          </reporter-output>
        </test-method> <!-- springTestContextAfterTestMethod -->
        <test-method status="PASS" signature="beforeMethod(java.lang.reflect.Method)[pri:0, instance:com.fruit.test.backend.service.FindingLibraryTest@278eb834]" name="beforeMethod" is-config="true" duration-ms="0" started-at="2014-06-22T21:14:07Z" finished-at="2014-06-22T21:14:07Z">
          <params>
            <param index="0">
              <value>
                <![CDATA[public void com.fruit.test.backend.service.FindingLibraryTest.testSaveEmployee(com.fruit.backend.Employee) throws java.lang.Exception]]>
              </value>
            </param>
          </params>
          <reporter-output>
          </reporter-output>
        </test-method> <!-- beforeMethod -->
        <test-method status="PASS" signature="afterMethod(java.lang.reflect.Method)[pri:0, instance:com.fruit.test.backend.service.FindingLibraryTest@278eb834]" name="afterMethod" is-config="true" duration-ms="1" started-at="2014-06-22T21:14:07Z" finished-at="2014-06-22T21:14:07Z">
          <params>
            <param index="0">
              <value>
                <![CDATA[public void com.fruit.test.backend.service.FindingLibraryTest.testSaveEmployee(com.fruit.backend.Employee) throws java.lang.Exception]]>
              </value>
            </param>
          </params>
          <reporter-output>
          </reporter-output>
        </test-method> <!-- afterMethod -->
        <test-method status="PASS" signature="testSaveEmployee(com.fruit.backend.Employee)[pri:0, instance:com.fruit.test.backend.service.FindingLibraryTest@278eb834]" name="testSaveEmployee" duration-ms="3" started-at="2014-06-22T21:14:07Z" data-provider="saveEmployee" finished-at="2014-06-22T21:14:07Z">
          <params>
            <param index="0">
              <value>
                <![CDATA[Employee [id=0, firstName=Shian4, lastName=Huang4, email=shian.huang@fotlinc.com, createDate=Sun Jun 22 21:14:07 GMT-06:00 2014, lastUpdateDate=Sun Jun 22 21:14:07 GMT-06:00 2014, createUser=Shian, lastUpdateUser=Shian]]]>
              </value>
            </param>
          </params>
          <reporter-output>
          </reporter-output>
        </test-method> <!-- testSaveEmployee -->
        <test-method status="PASS" signature="springTestContextBeforeTestMethod(java.lang.reflect.Method)[pri:0, instance:com.fruit.test.backend.service.FindingLibraryTest@278eb834]" name="springTestContextBeforeTestMethod" is-config="true" duration-ms="0" started-at="2014-06-22T21:14:07Z" finished-at="2014-06-22T21:14:07Z">
          <params>
            <param index="0">
              <value>
                <![CDATA[public void com.fruit.test.backend.service.FindingLibraryTest.testSaveEmployee(com.fruit.backend.Employee) throws java.lang.Exception]]>
              </value>
            </param>
          </params>
          <reporter-output>
          </reporter-output>
        </test-method> <!-- springTestContextBeforeTestMethod -->
        <test-method status="PASS" signature="springTestContextAfterTestMethod(java.lang.reflect.Method)[pri:0, instance:com.fruit.test.backend.service.FindingLibraryTest@278eb834]" name="springTestContextAfterTestMethod" is-config="true" duration-ms="0" started-at="2014-06-22T21:14:07Z" finished-at="2014-06-22T21:14:07Z">
          <params>
            <param index="0">
              <value>
                <![CDATA[public void com.fruit.test.backend.service.FindingLibraryTest.testSaveEmployee(com.fruit.backend.Employee) throws java.lang.Exception]]>
              </value>
            </param>
          </params>
          <reporter-output>
          </reporter-output>
        </test-method> <!-- springTestContextAfterTestMethod -->
        <test-method status="PASS" signature="beforeMethod(java.lang.reflect.Method)[pri:0, instance:com.fruit.test.backend.service.FindingLibraryTest@278eb834]" name="beforeMethod" is-config="true" duration-ms="0" started-at="2014-06-22T21:14:07Z" finished-at="2014-06-22T21:14:07Z">
          <params>
            <param index="0">
              <value>
                <![CDATA[public void com.fruit.test.backend.service.FindingLibraryTest.testSaveEmployee(com.fruit.backend.Employee) throws java.lang.Exception]]>
              </value>
            </param>
          </params>
          <reporter-output>
          </reporter-output>
        </test-method> <!-- beforeMethod -->
        <test-method status="PASS" signature="afterMethod(java.lang.reflect.Method)[pri:0, instance:com.fruit.test.backend.service.FindingLibraryTest@278eb834]" name="afterMethod" is-config="true" duration-ms="0" started-at="2014-06-22T21:14:07Z" finished-at="2014-06-22T21:14:07Z">
          <params>
            <param index="0">
              <value>
                <![CDATA[public void com.fruit.test.backend.service.FindingLibraryTest.testSaveEmployee(com.fruit.backend.Employee) throws java.lang.Exception]]>
              </value>
            </param>
          </params>
          <reporter-output>
          </reporter-output>
        </test-method> <!-- afterMethod -->
        <test-method status="PASS" signature="springTestContextAfterTestMethod(java.lang.reflect.Method)[pri:0, instance:com.fruit.test.backend.service.FindingLibraryTest@278eb834]" name="springTestContextAfterTestMethod" is-config="true" duration-ms="1" started-at="2014-06-22T21:14:07Z" finished-at="2014-06-22T21:14:07Z">
          <params>
            <param index="0">
              <value>
                <![CDATA[public void com.fruit.test.backend.service.FindingLibraryTest.testSaveEmployee(com.fruit.backend.Employee) throws java.lang.Exception]]>
              </value>
            </param>
          </params>
          <reporter-output>
          </reporter-output>
        </test-method> <!-- springTestContextAfterTestMethod -->
        <test-method status="PASS" signature="beforeMethod(java.lang.reflect.Method)[pri:0, instance:com.fruit.test.backend.service.FindingLibraryTest@278eb834]" name="beforeMethod" is-config="true" duration-ms="0" started-at="2014-06-22T21:14:07Z" finished-at="2014-06-22T21:14:07Z">
          <params>
            <param index="0">
              <value>
                <![CDATA[public void com.fruit.test.backend.service.FindingLibraryTest.testSaveEmployee(com.fruit.backend.Employee) throws java.lang.Exception]]>
              </value>
            </param>
          </params>
          <reporter-output>
          </reporter-output>
        </test-method> <!-- beforeMethod -->
        <test-method status="PASS" signature="testSaveEmployee(com.fruit.backend.Employee)[pri:0, instance:com.fruit.test.backend.service.FindingLibraryTest@278eb834]" name="testSaveEmployee" duration-ms="1" started-at="2014-06-22T21:14:07Z" data-provider="saveEmployee" finished-at="2014-06-22T21:14:07Z">
          <params>
            <param index="0">
              <value>
                <![CDATA[Employee [id=0, firstName=Shian5, lastName=Huang5, email=shian.huang@fotlinc.com, createDate=Sun Jun 22 21:14:07 GMT-06:00 2014, lastUpdateDate=Sun Jun 22 21:14:07 GMT-06:00 2014, createUser=Shian, lastUpdateUser=Shian]]]>
              </value>
            </param>
          </params>
          <reporter-output>
          </reporter-output>
        </test-method> <!-- testSaveEmployee -->
        <test-method status="PASS" signature="springTestContextBeforeTestMethod(java.lang.reflect.Method)[pri:0, instance:com.fruit.test.backend.service.FindingLibraryTest@278eb834]" name="springTestContextBeforeTestMethod" is-config="true" duration-ms="0" started-at="2014-06-22T21:14:07Z" finished-at="2014-06-22T21:14:07Z">
          <params>
            <param index="0">
              <value>
                <![CDATA[public void com.fruit.test.backend.service.FindingLibraryTest.testSaveEmployee(com.fruit.backend.Employee) throws java.lang.Exception]]>
              </value>
            </param>
          </params>
          <reporter-output>
          </reporter-output>
        </test-method> <!-- springTestContextBeforeTestMethod -->
        <test-method status="PASS" signature="springTestContextBeforeTestMethod(java.lang.reflect.Method)[pri:0, instance:com.fruit.test.backend.service.FindingLibraryTest@278eb834]" name="springTestContextBeforeTestMethod" is-config="true" duration-ms="0" started-at="2014-06-22T21:14:07Z" finished-at="2014-06-22T21:14:07Z">
          <params>
            <param index="0">
              <value>
                <![CDATA[public void com.fruit.test.backend.service.FindingLibraryTest.testSaveEmployee(com.fruit.backend.Employee) throws java.lang.Exception]]>
              </value>
            </param>
          </params>
          <reporter-output>
          </reporter-output>
        </test-method> <!-- springTestContextBeforeTestMethod -->
        <test-method status="PASS" signature="springTestContextAfterTestMethod(java.lang.reflect.Method)[pri:0, instance:com.fruit.test.backend.service.FindingLibraryTest@278eb834]" name="springTestContextAfterTestMethod" is-config="true" duration-ms="0" started-at="2014-06-22T21:14:07Z" finished-at="2014-06-22T21:14:07Z">
          <params>
            <param index="0">
              <value>
                <![CDATA[public void com.fruit.test.backend.service.FindingLibraryTest.testSaveEmployee(com.fruit.backend.Employee) throws java.lang.Exception]]>
              </value>
            </param>
          </params>
          <reporter-output>
          </reporter-output>
        </test-method> <!-- springTestContextAfterTestMethod -->
        <test-method status="PASS" signature="beforeMethod(java.lang.reflect.Method)[pri:0, instance:com.fruit.test.backend.service.FindingLibraryTest@278eb834]" name="beforeMethod" is-config="true" duration-ms="1" started-at="2014-06-22T21:14:07Z" finished-at="2014-06-22T21:14:07Z">
          <params>
            <param index="0">
              <value>
                <![CDATA[public void com.fruit.test.backend.service.FindingLibraryTest.testSaveEmployee(com.fruit.backend.Employee) throws java.lang.Exception]]>
              </value>
            </param>
          </params>
          <reporter-output>
          </reporter-output>
        </test-method> <!-- beforeMethod -->
        <test-method status="PASS" signature="afterMethod(java.lang.reflect.Method)[pri:0, instance:com.fruit.test.backend.service.FindingLibraryTest@278eb834]" name="afterMethod" is-config="true" duration-ms="0" started-at="2014-06-22T21:14:07Z" finished-at="2014-06-22T21:14:07Z">
          <params>
            <param index="0">
              <value>
                <![CDATA[public void com.fruit.test.backend.service.FindingLibraryTest.testSaveEmployee(com.fruit.backend.Employee) throws java.lang.Exception]]>
              </value>
            </param>
          </params>
          <reporter-output>
          </reporter-output>
        </test-method> <!-- afterMethod -->
        <test-method status="PASS" signature="testSaveEmployee(com.fruit.backend.Employee)[pri:0, instance:com.fruit.test.backend.service.FindingLibraryTest@278eb834]" name="testSaveEmployee" duration-ms="1" started-at="2014-06-22T21:14:07Z" data-provider="saveEmployee" finished-at="2014-06-22T21:14:07Z">
          <params>
            <param index="0">
              <value>
                <![CDATA[Employee [id=0, firstName=Shian6, lastName=Huang6, email=shian.huang@fotlinc.com, createDate=Sun Jun 22 21:14:07 GMT-06:00 2014, lastUpdateDate=Sun Jun 22 21:14:07 GMT-06:00 2014, createUser=Shian, lastUpdateUser=Shian]]]>
              </value>
            </param>
          </params>
          <reporter-output>
          </reporter-output>
        </test-method> <!-- testSaveEmployee -->
        <test-method status="PASS" signature="springTestContextAfterTestMethod(java.lang.reflect.Method)[pri:0, instance:com.fruit.test.backend.service.FindingLibraryTest@278eb834]" name="springTestContextAfterTestMethod" is-config="true" duration-ms="0" started-at="2014-06-22T21:14:07Z" finished-at="2014-06-22T21:14:07Z">
          <params>
            <param index="0">
              <value>
                <![CDATA[public void com.fruit.test.backend.service.FindingLibraryTest.testSaveEmployee(com.fruit.backend.Employee) throws java.lang.Exception]]>
              </value>
            </param>
          </params>
          <reporter-output>
          </reporter-output>
        </test-method> <!-- springTestContextAfterTestMethod -->
        <test-method status="PASS" signature="afterMethod(java.lang.reflect.Method)[pri:0, instance:com.fruit.test.backend.service.FindingLibraryTest@278eb834]" name="afterMethod" is-config="true" duration-ms="0" started-at="2014-06-22T21:14:07Z" finished-at="2014-06-22T21:14:07Z">
          <params>
            <param index="0">
              <value>
                <![CDATA[public void com.fruit.test.backend.service.FindingLibraryTest.testSaveEmployee(com.fruit.backend.Employee) throws java.lang.Exception]]>
              </value>
            </param>
          </params>
          <reporter-output>
          </reporter-output>
        </test-method> <!-- afterMethod -->
        <test-method status="PASS" signature="beforeMethod(java.lang.reflect.Method)[pri:0, instance:com.fruit.test.backend.service.FindingLibraryTest@278eb834]" name="beforeMethod" is-config="true" duration-ms="0" started-at="2014-06-22T21:14:07Z" finished-at="2014-06-22T21:14:07Z">
          <params>
            <param index="0">
              <value>
                <![CDATA[public void com.fruit.test.backend.service.FindingLibraryTest.testSaveEmployee(com.fruit.backend.Employee) throws java.lang.Exception]]>
              </value>
            </param>
          </params>
          <reporter-output>
          </reporter-output>
        </test-method> <!-- beforeMethod -->
        <test-method status="PASS" signature="testSaveEmployee(com.fruit.backend.Employee)[pri:0, instance:com.fruit.test.backend.service.FindingLibraryTest@278eb834]" name="testSaveEmployee" duration-ms="2" started-at="2014-06-22T21:14:07Z" data-provider="saveEmployee" finished-at="2014-06-22T21:14:07Z">
          <params>
            <param index="0">
              <value>
                <![CDATA[Employee [id=0, firstName=Shian7, lastName=Huang7, email=shian.huang@fotlinc.com, createDate=Sun Jun 22 21:14:07 GMT-06:00 2014, lastUpdateDate=Sun Jun 22 21:14:07 GMT-06:00 2014, createUser=Shian, lastUpdateUser=Shian]]]>
              </value>
            </param>
          </params>
          <reporter-output>
          </reporter-output>
        </test-method> <!-- testSaveEmployee -->
        <test-method status="PASS" signature="springTestContextBeforeTestMethod(java.lang.reflect.Method)[pri:0, instance:com.fruit.test.backend.service.FindingLibraryTest@278eb834]" name="springTestContextBeforeTestMethod" is-config="true" duration-ms="0" started-at="2014-06-22T21:14:07Z" finished-at="2014-06-22T21:14:07Z">
          <params>
            <param index="0">
              <value>
                <![CDATA[public void com.fruit.test.backend.service.FindingLibraryTest.testSaveEmployee(com.fruit.backend.Employee) throws java.lang.Exception]]>
              </value>
            </param>
          </params>
          <reporter-output>
          </reporter-output>
        </test-method> <!-- springTestContextBeforeTestMethod -->
        <test-method status="PASS" signature="afterMethod(java.lang.reflect.Method)[pri:0, instance:com.fruit.test.backend.service.FindingLibraryTest@278eb834]" name="afterMethod" is-config="true" duration-ms="1" started-at="2014-06-22T21:14:07Z" finished-at="2014-06-22T21:14:07Z">
          <params>
            <param index="0">
              <value>
                <![CDATA[public void com.fruit.test.backend.service.FindingLibraryTest.testSaveEmployee(com.fruit.backend.Employee) throws java.lang.Exception]]>
              </value>
            </param>
          </params>
          <reporter-output>
          </reporter-output>
        </test-method> <!-- afterMethod -->
        <test-method status="PASS" signature="testSaveEmployee(com.fruit.backend.Employee)[pri:0, instance:com.fruit.test.backend.service.FindingLibraryTest@278eb834]" name="testSaveEmployee" duration-ms="2" started-at="2014-06-22T21:14:07Z" data-provider="saveEmployee" finished-at="2014-06-22T21:14:07Z">
          <params>
            <param index="0">
              <value>
                <![CDATA[Employee [id=0, firstName=Shian8, lastName=Huang8, email=shian.huang@fotlinc.com, createDate=Sun Jun 22 21:14:07 GMT-06:00 2014, lastUpdateDate=Sun Jun 22 21:14:07 GMT-06:00 2014, createUser=Shian, lastUpdateUser=Shian]]]>
              </value>
            </param>
          </params>
          <reporter-output>
          </reporter-output>
        </test-method> <!-- testSaveEmployee -->
        <test-method status="PASS" signature="springTestContextBeforeTestMethod(java.lang.reflect.Method)[pri:0, instance:com.fruit.test.backend.service.FindingLibraryTest@278eb834]" name="springTestContextBeforeTestMethod" is-config="true" duration-ms="0" started-at="2014-06-22T21:14:07Z" finished-at="2014-06-22T21:14:07Z">
          <params>
            <param index="0">
              <value>
                <![CDATA[public void com.fruit.test.backend.service.FindingLibraryTest.testSaveEmployee(com.fruit.backend.Employee) throws java.lang.Exception]]>
              </value>
            </param>
          </params>
          <reporter-output>
          </reporter-output>
        </test-method> <!-- springTestContextBeforeTestMethod -->
        <test-method status="PASS" signature="springTestContextAfterTestMethod(java.lang.reflect.Method)[pri:0, instance:com.fruit.test.backend.service.FindingLibraryTest@278eb834]" name="springTestContextAfterTestMethod" is-config="true" duration-ms="0" started-at="2014-06-22T21:14:07Z" finished-at="2014-06-22T21:14:07Z">
          <params>
            <param index="0">
              <value>
                <![CDATA[public void com.fruit.test.backend.service.FindingLibraryTest.testSaveEmployee(com.fruit.backend.Employee) throws java.lang.Exception]]>
              </value>
            </param>
          </params>
          <reporter-output>
          </reporter-output>
        </test-method> <!-- springTestContextAfterTestMethod -->
        <test-method status="PASS" signature="beforeMethod(java.lang.reflect.Method)[pri:0, instance:com.fruit.test.backend.service.FindingLibraryTest@278eb834]" name="beforeMethod" is-config="true" duration-ms="0" started-at="2014-06-22T21:14:07Z" finished-at="2014-06-22T21:14:07Z">
          <params>
            <param index="0">
              <value>
                <![CDATA[public void com.fruit.test.backend.service.FindingLibraryTest.testSaveEmployee(com.fruit.backend.Employee) throws java.lang.Exception]]>
              </value>
            </param>
          </params>
          <reporter-output>
          </reporter-output>
        </test-method> <!-- beforeMethod -->
        <test-method status="PASS" signature="testSaveEmployee(com.fruit.backend.Employee)[pri:0, instance:com.fruit.test.backend.service.FindingLibraryTest@278eb834]" name="testSaveEmployee" duration-ms="3" started-at="2014-06-22T21:14:07Z" data-provider="saveEmployee" finished-at="2014-06-22T21:14:07Z">
          <params>
            <param index="0">
              <value>
                <![CDATA[Employee [id=0, firstName=Shian9, lastName=Huang9, email=shian.huang@fotlinc.com, createDate=Sun Jun 22 21:14:07 GMT-06:00 2014, lastUpdateDate=Sun Jun 22 21:14:07 GMT-06:00 2014, createUser=Shian, lastUpdateUser=Shian]]]>
              </value>
            </param>
          </params>
          <reporter-output>
          </reporter-output>
        </test-method> <!-- testSaveEmployee -->
        <test-method status="PASS" signature="springTestContextAfterTestMethod(java.lang.reflect.Method)[pri:0, instance:com.fruit.test.backend.service.FindingLibraryTest@278eb834]" name="springTestContextAfterTestMethod" is-config="true" duration-ms="0" started-at="2014-06-22T21:14:07Z" finished-at="2014-06-22T21:14:07Z">
          <params>
            <param index="0">
              <value>
                <![CDATA[public void com.fruit.test.backend.service.FindingLibraryTest.testSaveEmployee(com.fruit.backend.Employee) throws java.lang.Exception]]>
              </value>
            </param>
          </params>
          <reporter-output>
          </reporter-output>
        </test-method> <!-- springTestContextAfterTestMethod -->
        <test-method status="PASS" signature="springTestContextBeforeTestMethod(java.lang.reflect.Method)[pri:0, instance:com.fruit.test.backend.service.FindingLibraryTest@278eb834]" name="springTestContextBeforeTestMethod" is-config="true" duration-ms="0" started-at="2014-06-22T21:14:07Z" finished-at="2014-06-22T21:14:07Z">
          <params>
            <param index="0">
              <value>
                <![CDATA[public void com.fruit.test.backend.service.FindingLibraryTest.testSaveEmployee(com.fruit.backend.Employee) throws java.lang.Exception]]>
              </value>
            </param>
          </params>
          <reporter-output>
          </reporter-output>
        </test-method> <!-- springTestContextBeforeTestMethod -->
        <test-method status="PASS" signature="beforeMethod(java.lang.reflect.Method)[pri:0, instance:com.fruit.test.backend.service.FindingLibraryTest@278eb834]" name="beforeMethod" is-config="true" duration-ms="0" started-at="2014-06-22T21:14:07Z" finished-at="2014-06-22T21:14:07Z">
          <params>
            <param index="0">
              <value>
                <![CDATA[public void com.fruit.test.backend.service.FindingLibraryTest.testSaveEmployee(com.fruit.backend.Employee) throws java.lang.Exception]]>
              </value>
            </param>
          </params>
          <reporter-output>
          </reporter-output>
        </test-method> <!-- beforeMethod -->
        <test-method status="PASS" signature="afterMethod(java.lang.reflect.Method)[pri:0, instance:com.fruit.test.backend.service.FindingLibraryTest@278eb834]" name="afterMethod" is-config="true" duration-ms="0" started-at="2014-06-22T21:14:07Z" finished-at="2014-06-22T21:14:07Z">
          <params>
            <param index="0">
              <value>
                <![CDATA[public void com.fruit.test.backend.service.FindingLibraryTest.testSaveEmployee(com.fruit.backend.Employee) throws java.lang.Exception]]>
              </value>
            </param>
          </params>
          <reporter-output>
          </reporter-output>
        </test-method> <!-- afterMethod -->
        <test-method status="PASS" signature="springTestContextBeforeTestMethod(java.lang.reflect.Method)[pri:0, instance:com.fruit.test.backend.service.FindingLibraryTest@278eb834]" name="springTestContextBeforeTestMethod" is-config="true" duration-ms="1" started-at="2014-06-22T21:14:07Z" finished-at="2014-06-22T21:14:07Z">
          <params>
            <param index="0">
              <value>
                <![CDATA[public void com.fruit.test.backend.service.FindingLibraryTest.testSaveEmployee(com.fruit.backend.Employee) throws java.lang.Exception]]>
              </value>
            </param>
          </params>
          <reporter-output>
          </reporter-output>
        </test-method> <!-- springTestContextBeforeTestMethod -->
        <test-method status="PASS" signature="afterMethod(java.lang.reflect.Method)[pri:0, instance:com.fruit.test.backend.service.FindingLibraryTest@278eb834]" name="afterMethod" is-config="true" duration-ms="0" started-at="2014-06-22T21:14:07Z" finished-at="2014-06-22T21:14:07Z">
          <params>
            <param index="0">
              <value>
                <![CDATA[public void com.fruit.test.backend.service.FindingLibraryTest.testSaveEmployee(com.fruit.backend.Employee) throws java.lang.Exception]]>
              </value>
            </param>
          </params>
          <reporter-output>
          </reporter-output>
        </test-method> <!-- afterMethod -->
        <test-method status="PASS" signature="springTestContextAfterTestMethod(java.lang.reflect.Method)[pri:0, instance:com.fruit.test.backend.service.FindingLibraryTest@278eb834]" name="springTestContextAfterTestMethod" is-config="true" duration-ms="0" started-at="2014-06-22T21:14:07Z" finished-at="2014-06-22T21:14:07Z">
          <params>
            <param index="0">
              <value>
                <![CDATA[public void com.fruit.test.backend.service.FindingLibraryTest.testSaveEmployee(com.fruit.backend.Employee) throws java.lang.Exception]]>
              </value>
            </param>
          </params>
          <reporter-output>
          </reporter-output>
        </test-method> <!-- springTestContextAfterTestMethod -->
        <test-method status="PASS" signature="beforeMethod(java.lang.reflect.Method)[pri:0, instance:com.fruit.test.backend.service.FindingLibraryTest@278eb834]" name="beforeMethod" is-config="true" duration-ms="0" started-at="2014-06-22T21:14:07Z" finished-at="2014-06-22T21:14:07Z">
          <params>
            <param index="0">
              <value>
                <![CDATA[public void com.fruit.test.backend.service.FindingLibraryTest.testSaveEmployee(com.fruit.backend.Employee) throws java.lang.Exception]]>
              </value>
            </param>
          </params>
          <reporter-output>
          </reporter-output>
        </test-method> <!-- beforeMethod -->
        <test-method status="PASS" signature="testSaveEmployee(com.fruit.backend.Employee)[pri:0, instance:com.fruit.test.backend.service.FindingLibraryTest@278eb834]" name="testSaveEmployee" duration-ms="1" started-at="2014-06-22T21:14:07Z" data-provider="saveEmployee" finished-at="2014-06-22T21:14:07Z">
          <params>
            <param index="0">
              <value>
                <![CDATA[Employee [id=0, firstName=Shian10, lastName=Huang10, email=shian.huang@fotlinc.com, createDate=Sun Jun 22 21:14:07 GMT-06:00 2014, lastUpdateDate=Sun Jun 22 21:14:07 GMT-06:00 2014, createUser=Shian, lastUpdateUser=Shian]]]>
              </value>
            </param>
          </params>
          <reporter-output>
          </reporter-output>
        </test-method> <!-- testSaveEmployee -->
        <test-method status="PASS" signature="afterMethod(java.lang.reflect.Method)[pri:0, instance:com.fruit.test.backend.service.FindingLibraryTest@278eb834]" name="afterMethod" is-config="true" duration-ms="0" started-at="2014-06-22T21:14:07Z" finished-at="2014-06-22T21:14:07Z">
          <params>
            <param index="0">
              <value>
                <![CDATA[public void com.fruit.test.backend.service.FindingLibraryTest.testSaveEmployee(com.fruit.backend.Employee) throws java.lang.Exception]]>
              </value>
            </param>
          </params>
          <reporter-output>
          </reporter-output>
        </test-method> <!-- afterMethod -->
        <test-method status="PASS" signature="springTestContextAfterTestMethod(java.lang.reflect.Method)[pri:0, instance:com.fruit.test.backend.service.FindingLibraryTest@278eb834]" name="springTestContextAfterTestMethod" is-config="true" duration-ms="0" started-at="2014-06-22T21:14:07Z" finished-at="2014-06-22T21:14:07Z">
          <params>
            <param index="0">
              <value>
                <![CDATA[public void com.fruit.test.backend.service.FindingLibraryTest.testSaveEmployee(com.fruit.backend.Employee) throws java.lang.Exception]]>
              </value>
            </param>
          </params>
          <reporter-output>
          </reporter-output>
        </test-method> <!-- springTestContextAfterTestMethod -->
        <test-method status="PASS" signature="springTestContextBeforeTestMethod(java.lang.reflect.Method)[pri:0, instance:com.fruit.test.backend.service.FindingLibraryTest@278eb834]" name="springTestContextBeforeTestMethod" is-config="true" duration-ms="0" started-at="2014-06-22T21:14:07Z" finished-at="2014-06-22T21:14:07Z">
          <params>
            <param index="0">
              <value>
                <![CDATA[public void com.fruit.test.backend.service.FindingLibraryTest.testGetEmployeeById(int) throws java.lang.Exception]]>
              </value>
            </param>
          </params>
          <reporter-output>
          </reporter-output>
        </test-method> <!-- springTestContextBeforeTestMethod -->
        <test-method status="PASS" signature="beforeMethod(java.lang.reflect.Method)[pri:0, instance:com.fruit.test.backend.service.FindingLibraryTest@278eb834]" name="beforeMethod" is-config="true" duration-ms="0" started-at="2014-06-22T21:14:07Z" finished-at="2014-06-22T21:14:07Z">
          <params>
            <param index="0">
              <value>
                <![CDATA[public void com.fruit.test.backend.service.FindingLibraryTest.testGetEmployeeById(int) throws java.lang.Exception]]>
              </value>
            </param>
          </params>
          <reporter-output>
          </reporter-output>
        </test-method> <!-- beforeMethod -->
        <test-method status="PASS" signature="testGetEmployeeById(int)[pri:0, instance:com.fruit.test.backend.service.FindingLibraryTest@278eb834]" name="testGetEmployeeById" duration-ms="6" depends-on-groups="saveEmployee" started-at="2014-06-22T21:14:07Z" data-provider="getEmployeeById" finished-at="2014-06-22T21:14:07Z">
          <params>
            <param index="0">
              <value>
                <![CDATA[188]]>
              </value>
            </param>
          </params>
          <reporter-output>
          </reporter-output>
        </test-method> <!-- testGetEmployeeById -->
        <test-method status="PASS" signature="afterMethod(java.lang.reflect.Method)[pri:0, instance:com.fruit.test.backend.service.FindingLibraryTest@278eb834]" name="afterMethod" is-config="true" duration-ms="0" started-at="2014-06-22T21:14:07Z" finished-at="2014-06-22T21:14:07Z">
          <params>
            <param index="0">
              <value>
                <![CDATA[public void com.fruit.test.backend.service.FindingLibraryTest.testGetEmployeeById(int) throws java.lang.Exception]]>
              </value>
            </param>
          </params>
          <reporter-output>
          </reporter-output>
        </test-method> <!-- afterMethod -->
        <test-method status="PASS" signature="springTestContextAfterTestMethod(java.lang.reflect.Method)[pri:0, instance:com.fruit.test.backend.service.FindingLibraryTest@278eb834]" name="springTestContextAfterTestMethod" is-config="true" duration-ms="0" started-at="2014-06-22T21:14:07Z" finished-at="2014-06-22T21:14:07Z">
          <params>
            <param index="0">
              <value>
                <![CDATA[public void com.fruit.test.backend.service.FindingLibraryTest.testGetEmployeeById(int) throws java.lang.Exception]]>
              </value>
            </param>
          </params>
          <reporter-output>
          </reporter-output>
        </test-method> <!-- springTestContextAfterTestMethod -->
        <test-method status="PASS" signature="springTestContextBeforeTestMethod(java.lang.reflect.Method)[pri:0, instance:com.fruit.test.backend.service.FindingLibraryTest@278eb834]" name="springTestContextBeforeTestMethod" is-config="true" duration-ms="0" started-at="2014-06-22T21:14:07Z" finished-at="2014-06-22T21:14:07Z">
          <params>
            <param index="0">
              <value>
                <![CDATA[public void com.fruit.test.backend.service.FindingLibraryTest.testGetEmployees() throws java.lang.Exception]]>
              </value>
            </param>
          </params>
          <reporter-output>
          </reporter-output>
        </test-method> <!-- springTestContextBeforeTestMethod -->
        <test-method status="PASS" signature="testGetEmployees()[pri:0, instance:com.fruit.test.backend.service.FindingLibraryTest@278eb834]" name="testGetEmployees" duration-ms="3" depends-on-groups="saveEmployee" started-at="2014-06-22T21:14:07Z" data-provider="getEmployees" finished-at="2014-06-22T21:14:07Z">
          <reporter-output>
          </reporter-output>
        </test-method> <!-- testGetEmployees -->
        <test-method status="PASS" signature="beforeMethod(java.lang.reflect.Method)[pri:0, instance:com.fruit.test.backend.service.FindingLibraryTest@278eb834]" name="beforeMethod" is-config="true" duration-ms="0" started-at="2014-06-22T21:14:07Z" finished-at="2014-06-22T21:14:07Z">
          <params>
            <param index="0">
              <value>
                <![CDATA[public void com.fruit.test.backend.service.FindingLibraryTest.testGetEmployees() throws java.lang.Exception]]>
              </value>
            </param>
          </params>
          <reporter-output>
          </reporter-output>
        </test-method> <!-- beforeMethod -->
        <test-method status="PASS" signature="afterMethod(java.lang.reflect.Method)[pri:0, instance:com.fruit.test.backend.service.FindingLibraryTest@278eb834]" name="afterMethod" is-config="true" duration-ms="1" started-at="2014-06-22T21:14:07Z" finished-at="2014-06-22T21:14:07Z">
          <params>
            <param index="0">
              <value>
                <![CDATA[public void com.fruit.test.backend.service.FindingLibraryTest.testGetEmployees() throws java.lang.Exception]]>
              </value>
            </param>
          </params>
          <reporter-output>
          </reporter-output>
        </test-method> <!-- afterMethod -->
        <test-method status="PASS" signature="springTestContextAfterTestMethod(java.lang.reflect.Method)[pri:0, instance:com.fruit.test.backend.service.FindingLibraryTest@278eb834]" name="springTestContextAfterTestMethod" is-config="true" duration-ms="0" started-at="2014-06-22T21:14:07Z" finished-at="2014-06-22T21:14:07Z">
          <params>
            <param index="0">
              <value>
                <![CDATA[public void com.fruit.test.backend.service.FindingLibraryTest.testGetEmployees() throws java.lang.Exception]]>
              </value>
            </param>
          </params>
          <reporter-output>
          </reporter-output>
        </test-method> <!-- springTestContextAfterTestMethod -->
        <test-method status="PASS" signature="springTestContextAfterTestClass()[pri:0, instance:com.fruit.test.backend.service.FindingLibraryTest@278eb834]" name="springTestContextAfterTestClass" is-config="true" duration-ms="0" started-at="2014-06-22T21:14:07Z" finished-at="2014-06-22T21:14:07Z">
          <reporter-output>
          </reporter-output>
        </test-method> <!-- springTestContextAfterTestClass -->
        <test-method status="PASS" signature="afterClassParent()[pri:0, instance:com.fruit.test.backend.service.FindingLibraryTest@278eb834]" name="afterClassParent" is-config="true" duration-ms="0" started-at="2014-06-22T21:14:07Z" finished-at="2014-06-22T21:14:07Z">
          <reporter-output>
          </reporter-output>
        </test-method> <!-- afterClassParent -->
      </class> <!-- com.fruit.test.backend.service.FindingLibraryTest -->
    </test> <!-- Default test -->
  </suite> <!-- Default suite -->
</testng-results>
